<?xml version="1.0" encoding="UTF-8" ?>
<testsuites disabled="0" errors="0" failures="0" tests="3" time="0.443">
 <testsuite name="Validate Auth functionality" timestamp="2023-11-14T11:47:02" hostname="localhost" time="0.443" errors="0" tests="3" skipped="0" disabled="0" failures="0">
  <testcase classname="Validate Auth functionality" name="register new user" time="0.145" />
  <testcase classname="Validate Auth functionality" name="login user" time="0.135" />
  <testcase classname="Validate Auth functionality" name="logout user" time="0.002" />
 </testsuite>
</testsuites>