<?xml version="1.0" encoding="UTF-8" ?>
<testsuites disabled="0" errors="0" failures="0" tests="2" time="0.283">
 <testsuite name="Validate Article functionality" timestamp="2023-11-14T11:47:03" hostname="localhost" time="0.283" errors="0" tests="2" skipped="0" disabled="0" failures="0">
  <testcase classname="Validate Article functionality" name="create new article" time="0.056" />
  <testcase classname="Validate Article functionality" name="get articles by user" time="0.093" />
 </testsuite>
</testsuites>